app/build/outputs/mapping/release/seeds.txt
com.example.radardetector.SplashActivity
com.example.radardetector.db.DatabaseHelper
com.example.radardetector.service.RadarForegroundService
com.example.radardetector.service.RadarForegroundService: RadarForegroundService()
com.example.radardetector.SplashActivity: SplashActivity()
com.example.radardetector.db.DatabaseHelper: DatabaseHelper(android.content.Context)
...
androidx.core.app.RemoteInput$Api26Impl: void addDataResultToIntent(androidx.core.app.RemoteInput,android.content.Intent,java.util.Map)
androidx.core.graphics.drawable.IconCompatParcelizer: androidx.core.graphics.drawable.IconCompat read(androidx.versionedparcelable.VersionedParcel)
androidx.core.app.ActivityCompat$Api23Impl: void requestPermissions(android.app.Activity,java.lang.String[],int)
androidx.core.app.NotificationCompatBuilder$Api31Impl: android.app.Notification$Builder setForegroundServiceBehavior(android.app.Notification$Builder,int)
androidx.core.app.NotificationCompatBuilder$Api20Impl: android.app.Notification$Builder addAction(android.app.Notification$Builder,android.app.Notification$Action)
android.support.v4.app.RemoteActionCompatParcelizer: RemoteActionCompatParcelizer()
androidx.core.app.CoreComponentFactory: CoreComponentFactory()
androidx.core.app.RemoteActionCompat: RemoteActionCompat()
androidx.core.graphics.drawable.IconCompat: IconCompat()
androidx.core.app.NotificationCompatBuilder$Api29Impl: android.app.Notification$Builder setAllowSystemGeneratedContextualActions(android.app.Notification$Builder,boolean)
androidx.core.app.RemoteInput$Api20Impl: android.os.Bundle getResultsFromIntent(android.content.Intent)
android.support.v4.graphics.drawable.IconCompatParcelizer: IconCompatParcelizer()
androidx.core.app.NotificationCompatBuilder$Api24Impl: android.app.Notification$Builder setCustomContentView(android.app.Notification$Builder,android.widget.RemoteViews)
android.support.v4.graphics.drawable.IconCompatParcelizer: androidx.core.graphics.drawable.IconCompat read(androidx.versionedparcelable.VersionedParcel)
androidx.core.graphics.drawable.IconCompatParcelizer: IconCompatParcelizer()
androidx.core.app.NotificationCompatBuilder$Api26Impl: android.app.Notification$Builder setTimeoutAfter(android.app.Notification$Builder,long)
androidx.core.app.NotificationCompatBuilder$Api16Impl: android.app.Notification$Builder setUsesChronometer(android.app.Notification$Builder,boolean)
androidx.core.app.NotificationCompatBuilder$Api20Impl: android.app.Notification$Action$Builder addRemoteInput(android.app.Notification$Action$Builder,android.app.RemoteInput)
androidx.core.app.NotificationCompatBuilder$Api28Impl: android.app.Notification$Action$Builder setSemanticAction(android.app.Notification$Action$Builder,int)
androidx.core.app.RemoteInput$Api26Impl: android.app.RemoteInput$Builder setAllowDataType(android.app.RemoteInput$Builder,java.lang.String,boolean)
androidx.core.app.NotificationCompatBuilder$Api26Impl: android.app.Notification$Builder setBadgeIconType(android.app.Notification$Builder,int)
androidx.core.app.NotificationCompatBuilder$Api26Impl: android.app.Notification$Builder setSettingsText(android.app.Notification$Builder,java.lang.CharSequence)
androidx.core.app.NotificationCompatBuilder$Api24Impl: android.app.Notification$Action$Builder setAllowGeneratedReplies(android.app.Notification$Action$Builder,boolean)
androidx.core.app.RemoteActionCompatParcelizer: void write(androidx.core.app.RemoteActionCompat,androidx.versionedparcelable.VersionedParcel)
androidx.core.graphics.drawable.IconCompatParcelizer: void write(androidx.core.graphics.drawable.IconCompat,androidx.versionedparcelable.VersionedParcel)
androidx.core.graphics.drawable.IconCompat$Api23Impl: android.graphics.drawable.Icon toIcon(androidx.core.graphics.drawable.IconCompat,android.content.Context)
androidx.core.app.NotificationCompatBuilder$Api21Impl: android.app.Notification$Builder setColor(android.app.Notification$Builder,int)
androidx.core.app.NotificationCompatBuilder$Api24Impl: android.app.Notification$Builder setCustomHeadsUpContentView(android.app.Notification$Builder,android.widget.RemoteViews)
androidx.core.app.NotificationCompatBuilder$Api20Impl: android.app.Notification$Builder setGroup(android.app.Notification$Builder,java.lang.String)