app/build/outputs/mapping/release/mapping.txt
# compiler: R8
# compiler_version: 8.2.47
# min_api: 26
# common_typos_disable
# {"id":"com.android.tools.r8.mapping","version":"2.2"}
# pg_map_id: 114f6f7
# pg_map_hash: SHA-256 114f6f7818121ec04ea8e0a83ec48eb9346fe476be27eb793714f01aeb615d37
com.example.radardetector.SplashActivity -> com.example.radardetector.SplashActivity:
# {"id":"sourceFile","fileName":"SplashActivity.kt"}
    int $r8$clinit -> a
      # {"id":"com.android.tools.r8.synthesized"}
    0:3:void <init>():18:18 -> <init>
    10:20:void checkBackgroundLocationAndBattery():75:75 -> a
    10:20:void onForegroundPermissionsGranted():70 -> a
    21:31:void checkBackgroundLocationAndBattery():77:77 -> a
    21:31:void onForegroundPermissionsGranted():70 -> a
    32:45:void checkBackgroundLocationAndBattery():79:79 -> a
    32:45:void onForegroundPermissionsGranted():70 -> a
    46:52:void startRadarServiceAndFinish():123:123 -> a
    46:52:void checkBackgroundLocationAndBattery():84 -> a
    46:52:void onForegroundPermissionsGranted():70 -> a
    53:55:void startRadarServiceAndFinish():125:125 -> a
    53:55:void checkBackgroundLocationAndBattery():84 -> a
    53:55:void onForegroundPermissionsGranted():70 -> a
    56:59:void startRadarServiceAndFinish():129:129 -> a
    56:59:void checkBackgroundLocationAndBattery():84 -> a
    56:59:void onForegroundPermissionsGranted():70 -> a
    60:66:void showExplanationDialog(boolean,boolean):89:89 -> a
    60:66:void checkBackgroundLocationAndBattery():82 -> a
    60:66:void onForegroundPermissionsGranted():70 -> a
    67:72:void showExplanationDialog(boolean,boolean):90:90 -> a
    67:72:void checkBackgroundLocationAndBattery():82 -> a
    67:72:void onForegroundPermissionsGranted():70 -> a
com.example.radardetector.SplashActivity$$ExternalSyntheticLambda0 -> f.a:
# {"id":"sourceFile","fileName":"R8$$SyntheticClass"}
# {"id":"com.android.tools.r8.synthesized"}
    boolean com.example.radardetector.SplashActivity$$InternalSyntheticLambda$1$40dce46a3a870a0e42edfa70fbd00851cce75455f99d661f04bd09eb1afc3cd6$0.f$0 -> a
      # {"id":"com.android.tools.r8.synthesized"}
    com.example.radardetector.SplashActivity com.example.radardetector.SplashActivity$$InternalSyntheticLambda$1$40dce46a3a870a0e42edfa70fbd00851cce75455f99d661f04bd09eb1afc3cd6$0.f$1 -> b
      # {"id":"com.android.tools.r8.synthesized"}
    boolean com.example.radardetector.SplashActivity$$InternalSyntheticLambda$1$40dce46a3a870a0e42edfa70fbd00851cce75455f99d661f04bd09eb1afc3cd6$0.f$2 -> c
      # {"id":"com.android.tools.r8.synthesized"}
    0:9:void com.example.radardetector.SplashActivity$$InternalSyntheticLambda$1$40dce46a3a870a0e42edfa70fbd00851cce75455f99d661f04bd09eb1afc3cd6$0.<init>(boolean,com.example.radardetector.SplashActivity,boolean):0:0 -> <init>
      # {"id":"com.android.tools.r8.synthesized"}
    8:20:void com.example.radardetector.SplashActivity.showExplanationDialog$lambda$4(boolean,com.example.radardetector.SplashActivity,boolean,android.content.DialogInterface,int):0:0 -> onClick
...
kotlin.jvm.internal.ReflectionFactory -> q.d:
# {"id":"sourceFile","fileName":"ReflectionFactory.java"}
kotlin.ranges.IntProgression -> r.a:
# {"id":"sourceFile","fileName":"Progressions.kt"}
    int first -> a
    int last -> b
    int step -> c
    0:15:void <init>(int,int,int):77:77 -> <init>
    16:40:int kotlin.internal.ProgressionUtilKt.mod(int,int):10:10 -> <init>
    16:40:int kotlin.internal.ProgressionUtilKt.differenceModulo(int,int,int):21 -> <init>
    16:40:int kotlin.internal.ProgressionUtilKt.getProgressionLastElement(int,int,int):46 -> <init>
    16:40:void <init>(int,int,int):97 -> <init>
    41:63:int kotlin.internal.ProgressionUtilKt.mod(int,int):10:10 -> <init>
    41:63:int kotlin.internal.ProgressionUtilKt.differenceModulo(int,int,int):21 -> <init>
    41:63:int kotlin.internal.ProgressionUtilKt.getProgressionLastElement(int,int,int):47 -> <init>
    41:63:void <init>(int,int,int):97 -> <init>
    64:71:int kotlin.internal.ProgressionUtilKt.getProgressionLastElement(int,int,int):48:48 -> <init>
    64:71:void <init>(int,int,int):97 -> <init>
    72:79:void <init>(int,int,int):86:86 -> <init>
    80:87:void <init>(int,int,int):85:85 -> <init>
    0:11:kotlin.collections.IntIterator kotlin.ranges.IntProgression.iterator():104:104 -> iterator
    0:11:java.util.Iterator iterator():77 -> iterator
kotlin.ranges.IntProgressionIterator -> r.b:
# {"id":"sourceFile","fileName":"ProgressionIterators.kt"}
    int step -> a
    int finalElement -> b
    boolean hasNext -> c
    int next -> d
    0:26:void kotlin.collections.IntIterator.<init>():0:0 -> <init>
    0:26:void <init>(int,int,int):38 -> <init>
    14:24:int kotlin.ranges.IntProgressionIterator.nextInt():48:48 -> a
    14:24:java.lang.Object kotlin.collections.IntIterator.next():35 -> a
    25:29:java.lang.Object kotlin.collections.IntIterator.next():35:35 -> a
    0:7:void kotlin.collections.IntIterator.remove():0:0 -> b
    0:2:boolean hasNext():0:0 -> hasNext
    0:4:java.lang.Object next():0:0 -> next
      # {"id":"com.android.tools.r8.synthesized"}
    0:4:void remove():0:0 -> remove
      # {"id":"com.android.tools.r8.synthesized"}
kotlin.ranges.IntRange -> r.c:
# {"id":"sourceFile","fileName":"PrimitiveRanges.kt"}
    kotlin.ranges.IntRange EMPTY -> d
      # {"id":"com.android.tools.r8.residualsignature","signature":"Lr/c;"}
    0:3:void <clinit>():84:84 -> <clinit>
    4:9:void kotlin.ranges.IntRange.<init>(int,int):52:52 -> <clinit>
    4:9:void <clinit>():84 -> <clinit>
    0:18:boolean equals(java.lang.Object):74:74 -> equals
    19:20:boolean equals(java.lang.Object):75:75 -> equals
    21:26:int kotlin.ranges.IntProgression.getFirst():92:92 -> equals
    21:26:boolean equals(java.lang.Object):75 -> equals
      # {"id":"com.android.tools.r8.rewriteFrame","conditions":["throws(Ljava/lang/NullPointerException;)"],"actions":["removeInnerFrames(1)"]}
    27:36:int kotlin.ranges.IntProgression.getLast():97:97 -> equals
    27:36:boolean equals(java.lang.Object):75 -> equals
      # {"id":"com.android.tools.r8.rewriteFrame","conditions":["throws(Ljava/lang/NullPointerException;)"],"actions":["removeInnerFrames(1)"]}
    0:15:int hashCode():78:78 -> hashCode
    0:9:boolean isEmpty():0:0 -> isEmpty
    0:24:java.lang.String toString():80:80 -> toString
kotlin.ranges.IntRange$Companion -> R8$$REMOVED$$CLASS$$25:
# {"id":"sourceFile","fileName":"PrimitiveRanges.kt"}
kotlin.ranges.RangesKt___RangesKt -> R8$$REMOVED$$CLASS$$26:
# {"id":"sourceFile","fileName":"_Ranges.kt"}
kotlin.sequences.Sequence -> s.a:
# {"id":"sourceFile","fileName":"Sequence.kt"}
    java.util.Iterator iterator() -> iterator
kotlin.sequences.SequencesKt___SequencesKt -> R8$$REMOVED$$CLASS$$27:
# {"id":"sourceFile","fileName":"_Sequences.kt"}
kotlin.sequences.TransformingSequence -> R8$$REMOVED$$CLASS$$29:
# {"id":"sourceFile","fileName":"Sequences.kt"}
kotlin.sequences.TransformingSequence$iterator$1 -> R8$$REMOVED$$CLASS$$28:
# {"id":"sourceFile","fileName":"Sequences.kt"}