app/build/outputs/mapping/release/usage.txt
com.example.radardetector.R$style
com.example.radardetector.R
com.example.radardetector.SplashActivity:
    private static final int REQ_FOREGROUND_PERMS
com.example.radardetector.db.Camera:
    public final long component1()
    public final double component2()
    public final double component3()
    public final java.lang.Float component4()
    public final com.example.radardetector.db.Camera copy(long,double,double,java.lang.Float)
    public static synthetic com.example.radardetector.db.Camera copy$default(com.example.radardetector.db.Camera,long,double,double,java.lang.Float,int,java.lang.Object)
com.example.radardetector.db.DatabaseHelper:
    public static final java.lang.String COLUMN_DIR
    public static final java.lang.String COLUMN_ID
    public static final java.lang.String COLUMN_KEY
    public static final java.lang.String COLUMN_LAT
    public static final java.lang.String COLUMN_LON
    public static final java.lang.String COLUMN_VALUE
    private static final java.lang.String DATABASE_NAME
    private static final int DATABASE_VERSION
    public static final java.lang.String KEY_LAST_COUNTRY
    public static final java.lang.String TABLE_CAMERAS
    public static final java.lang.String TABLE_CONFIG
com.example.radardetector.network.OverpassSyncManager:
    private static final long SYNC_THROTTLE_MS
com.example.radardetector.service.RadarForegroundService$Companion:
    public final void setRunning(boolean)
com.example.radardetector.service.RadarForegroundService:
    public static final java.lang.String ACTION_STOP_SERVICE
    public static final java.lang.String CHANNEL_ID
    public static final int NOTIF_ID
    public static final synthetic void access$setRunning$cp(boolean)
com.example.radardetector.SplashActivity$Companion
com.example.radardetector.SplashActivity:
    public static final com.example.radardetector.SplashActivity$Companion Companion
    static void <clinit>()
    public static void checkAndRequestPermissions()
    public static void checkBackgroundLocationAndBattery()
    public static void showExplanationDialog()
    public final void startRadarServiceAndFinish()
com.example.radardetector.audio.AcousticRadarEngine:
    public final android.content.Context context
    public static void abandonFocus()
    public final synchronized void initToneGenerator()
    public final synchronized void release()
    public final synchronized void startAlert()
    public static void updateDelay()
com.example.radardetector.db.Camera:
    public static java.lang.Float getDir()
    public static long getId()
    public static double getLat()
    public static double getLon()
com.example.radardetector.db.DatabaseHelper$Companion
com.example.radardetector.db.DatabaseHelper:
    public static final com.example.radardetector.SplashActivity$Companion Companion
    static void <clinit>()
    public static void clearCameras()
    public static java.util.List getCamerasInBox()
    public static void insertCameras()
    public static void setLastCountry()
com.example.radardetector.math.RadarMath:
    public static final com.example.radardetector.math.RadarMath INSTANCE
    static void <clinit>()
    public static kotlin.Pair calculateApproachSpeed()
    public static boolean isAzimuthValid()
com.example.radardetector.network.OverpassSyncManager$Companion
com.example.radardetector.network.OverpassSyncManager:
    public static final com.example.radardetector.SplashActivity$Companion Companion
    public final android.content.Context context
    public static java.lang.String detectCountry()
    public static void onLocationUpdate()
    public static java.util.List parseOverpassJson()
    public static void shutdown()
com.example.radardetector.service.RadarForegroundService$Companion
com.example.radardetector.service.RadarForegroundService$onCreate$1:
    public final java.lang.String invoke()
    public static void invoke()
    public static java.lang.String invoke$1()
...
androidx.core.graphics.drawable.DrawableKt
androidx.core.graphics.drawable.IconCompat$Api23Impl:
    private void <init>()
    static androidx.core.graphics.drawable.IconCompat createFromIcon(android.content.Context,android.graphics.drawable.Icon)
    static androidx.core.graphics.drawable.IconCompat createFromIconInner(java.lang.Object)
androidx.core.graphics.drawable.IconCompat$Api26Impl:
    private void <init>()
androidx.core.graphics.drawable.IconCompat$Api28Impl:
    private void <init>()
androidx.core.graphics.drawable.IconCompat$Api30Impl:
    private void <init>()
androidx.core.graphics.drawable.IconCompat$IconType
androidx.core.graphics.drawable.IconCompat:
    private static final float ADAPTIVE_ICON_INSET_FACTOR
    private static final int AMBIENT_SHADOW_ALPHA
    private static final float BLUR_FACTOR
    private static final float DEFAULT_VIEW_PORT_SCALE
    static final java.lang.String EXTRA_INT1
    static final java.lang.String EXTRA_INT2
    static final java.lang.String EXTRA_OBJ
    static final java.lang.String EXTRA_STRING1
    static final java.lang.String EXTRA_TINT_LIST
    static final java.lang.String EXTRA_TINT_MODE
    static final java.lang.String EXTRA_TYPE
    private static final float ICON_DIAMETER_FACTOR
    private static final int KEY_SHADOW_ALPHA
    private static final float KEY_SHADOW_OFFSET_FACTOR
    private static final java.lang.String TAG
    public static final int TYPE_ADAPTIVE_BITMAP
    public static final int TYPE_BITMAP
    public static final int TYPE_DATA
    public static final int TYPE_RESOURCE
    public static final int TYPE_UNKNOWN
    public static final int TYPE_URI
    public static final int TYPE_URI_ADAPTIVE_BITMAP
    public void addToShortcutIntent(android.content.Intent,android.graphics.drawable.Drawable,android.content.Context)
    public void checkResource(android.content.Context)
    public static androidx.core.graphics.drawable.IconCompat createFromBundle(android.os.Bundle)
    public static androidx.core.graphics.drawable.IconCompat createFromIcon(android.content.Context,android.graphics.drawable.Icon)
androidx.core.graphics.drawable.IconKt
androidx.core.graphics.drawable.RoundedBitmapDrawable21
androidx.core.graphics.drawable.RoundedBitmapDrawable
androidx.core.graphics.drawable.RoundedBitmapDrawableFactory$DefaultRoundedBitmapDrawable
androidx.core.graphics.drawable.RoundedBitmapDrawableFactory
androidx.core.graphics.drawable.TintAwareDrawable
androidx.core.graphics.drawable.WrappedDrawable
androidx.core.graphics.drawable.WrappedDrawableApi14
androidx.core.graphics.drawable.WrappedDrawableApi21
androidx.core.graphics.drawable.WrappedDrawableState
androidx.core.hardware.display.DisplayManagerCompat$Api17Impl
androidx.core.hardware.display.DisplayManagerCompat
androidx.core.hardware.fingerprint.FingerprintManagerCompat$1
androidx.core.hardware.fingerprint.FingerprintManagerCompat$Api23Impl
androidx.core.hardware.fingerprint.FingerprintManagerCompat$AuthenticationCallback
androidx.core.hardware.fingerprint.FingerprintManagerCompat$AuthenticationResult
androidx.core.hardware.fingerprint.FingerprintManagerCompat$CryptoObject
androidx.core.hardware.fingerprint.FingerprintManagerCompat
androidx.core.internal.package-info
androidx.core.internal.view.SupportMenu
androidx.core.internal.view.SupportMenuItem
androidx.core.internal.view.SupportSubMenu
androidx.core.ktx.R
androidx.core.location.GnssStatusCompat$Callback
androidx.core.location.GnssStatusCompat$ConstellationType
androidx.core.location.GnssStatusCompat
androidx.core.location.GnssStatusWrapper$Api26Impl
androidx.core.location.GnssStatusWrapper$Api30Impl
androidx.core.location.GnssStatusWrapper
androidx.core.location.GpsStatusWrapper
androidx.core.location.LocationCompat$Api17Impl
androidx.core.location.LocationCompat$Api18Impl
androidx.core.location.LocationCompat$Api26Impl
androidx.core.location.LocationCompat$Api28Impl
androidx.core.location.LocationCompat$Api29Impl